#
# There is insufficient memory for the Java Runtime Environment to continue.
# Native memory allocation (malloc) failed to allocate 1048576 bytes for AllocateHeap
# Possible reasons:
#   The system is out of physical RAM or swap space
#   In 32 bit mode, the process size limit was hit
# Possible solutions:
#   Reduce memory load on the system
#   Increase physical memory or swap space
#   Check if swap backing store is full
#   Use 64 bit Java on a 64 bit OS
#   Decrease Java heap size (-Xmx/-Xms)
#   Decrease number of Java threads
#   Decrease Java thread stack sizes (-Xss)
#   Set larger code cache with -XX:ReservedCodeCacheSize=
# This output file may be truncated or incomplete.
#
#  Out of Memory Error (memory/allocation.inline.hpp:61), pid=11008, tid=0x0000000000002b3c
#
# JRE version:  (8.0_121-b13) (build )
# Java VM: Java HotSpot(TM) 64-Bit Server VM (25.121-b13 mixed mode windows-amd64 compressed oops)
# Failed to write core dump. Minidumps are not enabled by default on client versions of Windows
#

---------------  T H R E A D  ---------------

Current thread (0x0000000002d20800):  JavaThread "Unknown thread" [_thread_in_vm, id=11068, stack(0x0000000002c20000,0x0000000002d20000)]

Stack: [0x0000000002c20000,0x0000000002d20000]
[error occurred during error reporting (printing stack bounds), id 0xc0000005]

Native frames: (J=compiled Java code, j=interpreted, Vv=VM code, C=native code)


---------------  P R O C E S S  ---------------

Java Threads: ( => current thread )

Other Threads:

=>0x0000000002d20800 (exited) JavaThread "Unknown thread" [_thread_in_vm, id=11068, stack(0x0000000002c20000,0x0000000002d20000)]

VM state:not at safepoint (normal execution)

VM Mutex/Monitor currently owned by a thread: None

Heap:
 PSYoungGen      total 18944K, used 327K [0x00000000eb180000, 0x00000000ec680000, 0x0000000100000000)
  eden space 16384K, 2% used [0x00000000eb180000,0x00000000eb1d1ec8,0x00000000ec180000)
  from space 2560K, 0% used [0x00000000ec400000,0x00000000ec400000,0x00000000ec680000)
  to   space 2560K, 0% used [0x00000000ec180000,0x00000000ec180000,0x00000000ec400000)
 ParOldGen       total 44032K, used 0K [0x00000000c1400000, 0x00000000c3f00000, 0x00000000eb180000)
  object space 44032K, 0% used [0x00000000c1400000,0x00000000c1400000,0x00000000c3f00000)
 Metaspace       used 770K, capacity 4480K, committed 4480K, reserved 1056768K
  class space    used 75K, capacity 384K, committed 384K, reserved 1048576K

Card table byte_map: [0x00000000121e0000,0x00000000123e0000] byte_map_base: 0x0000000011bd6000

Marking Bits: (ParMarkBitMap*) 0x000000005f9ab6d0
 Begin Bits: [0x0000000012930000, 0x00000000138e0000)
 End Bits:   [0x00000000138e0000, 0x0000000014890000)

Polling page: 0x00000000012c0000

CodeCache: size=245760Kb used=328Kb max_used=328Kb free=245431Kb
 bounds [0x0000000002e20000, 0x0000000003090000, 0x0000000011e20000]
 total_blobs=58 nmethods=0 adapters=38
 compilation: enabled

Compilation events (0 events):
No events

GC Heap History (0 events):
No events

Deoptimization events (0 events):
No events

Internal exceptions (0 events):
No events

Events (10 events):
Event: 0.030 loading class java/lang/Short
Event: 0.030 loading class java/lang/Short done
Event: 0.030 loading class java/lang/Integer
Event: 0.030 loading class java/lang/Integer done
Event: 0.030 loading class java/lang/Long
Event: 0.031 loading class java/lang/Long done
Event: 0.031 loading class java/lang/NullPointerException
Event: 0.031 loading class java/lang/NullPointerException done
Event: 0.031 loading class java/lang/ArithmeticException
Event: 0.031 loading class java/lang/ArithmeticException done


Dynamic libraries:
0x00007ff7a19e0000 - 0x00007ff7a1a17000 	C:\Program Files\Java\jdk1.8.0_121\bin\java.exe
0x00007ffd07900000 - 0x00007ffd07adb000 	C:\WINDOWS\SYSTEM32\ntdll.dll
0x00007ffd057d0000 - 0x00007ffd0587e000 	C:\WINDOWS\System32\KERNEL32.DLL
0x00007ffd041c0000 - 0x00007ffd04409000 	C:\WINDOWS\System32\KERNELBASE.dll
0x00007ffd02420000 - 0x00007ffd0249e000 	C:\WINDOWS\SYSTEM32\apphelp.dll
0x00007ffd05020000 - 0x00007ffd050c1000 	C:\WINDOWS\System32\ADVAPI32.dll
0x00007ffd04f80000 - 0x00007ffd0501d000 	C:\WINDOWS\System32\msvcrt.dll
0x00007ffd073f0000 - 0x00007ffd07449000 	C:\WINDOWS\System32\sechost.dll
0x00007ffd072c0000 - 0x00007ffd073e5000 	C:\WINDOWS\System32\RPCRT4.dll
0x00007ffd05ba0000 - 0x00007ffd05cea000 	C:\WINDOWS\System32\USER32.dll
0x00007ffd03ed0000 - 0x00007ffd03eee000 	C:\WINDOWS\System32\win32u.dll
0x00007ffd05880000 - 0x00007ffd058a7000 	C:\WINDOWS\System32\GDI32.dll
0x00007ffd04c70000 - 0x00007ffd04df7000 	C:\WINDOWS\System32\gdi32full.dll
0x00007ffd04410000 - 0x00007ffd044aa000 	C:\WINDOWS\System32\msvcp_win.dll
0x00007ffd03ef0000 - 0x00007ffd03fe6000 	C:\WINDOWS\System32\ucrtbase.dll
0x00007ffcf77b0000 - 0x00007ffcf7a17000 	C:\WINDOWS\WinSxS\amd64_microsoft.windows.common-controls_6595b64144ccf1df_6.0.15063.483_none_26002d27e7c744a2\COMCTL32.dll
0x00007ffd051c0000 - 0x00007ffd054b9000 	C:\WINDOWS\System32\combase.dll
0x00007ffd04c00000 - 0x00007ffd04c6a000 	C:\WINDOWS\System32\bcryptPrimitives.dll
0x00007ffd05190000 - 0x00007ffd051bd000 	C:\WINDOWS\System32\IMM32.DLL
0x000000005fa30000 - 0x000000005fb02000 	C:\Program Files\Java\jdk1.8.0_121\jre\bin\msvcr100.dll
0x000000005f190000 - 0x000000005fa2b000 	C:\Program Files\Java\jdk1.8.0_121\jre\bin\server\jvm.dll
0x00007ffd072b0000 - 0x00007ffd072b8000 	C:\WINDOWS\System32\PSAPI.DLL
0x00007ffd00ec0000 - 0x00007ffd00ee3000 	C:\WINDOWS\SYSTEM32\WINMM.dll
0x00007ffcf26e0000 - 0x00007ffcf26ea000 	C:\WINDOWS\SYSTEM32\VERSION.dll
0x00007ffd004e0000 - 0x00007ffd004e9000 	C:\WINDOWS\SYSTEM32\WSOCK32.dll
0x00007ffd07450000 - 0x00007ffd074bc000 	C:\WINDOWS\System32\WS2_32.dll
0x00007ffd00e90000 - 0x00007ffd00ebb000 	C:\WINDOWS\SYSTEM32\winmmbase.dll
0x00007ffd04bb0000 - 0x00007ffd04bf9000 	C:\WINDOWS\System32\cfgmgr32.dll
0x000000005f180000 - 0x000000005f18f000 	C:\Program Files\Java\jdk1.8.0_121\jre\bin\verify.dll
0x000000005f150000 - 0x000000005f179000 	C:\Program Files\Java\jdk1.8.0_121\jre\bin\java.dll
0x000000005f130000 - 0x000000005f146000 	C:\Program Files\Java\jdk1.8.0_121\jre\bin\zip.dll

VM Arguments:
java_command: <unknown>
java_class_path (initial): .
Launcher Type: SUN_STANDARD

Environment Variables:
JAVA_HOME=C:/Program Files/Java/jdk1.8.0_121
PATH=C:\Program Files\Java\jdk1.8.0_121\\bin;C:\Program Files (x86)\NVIDIA Corporation\PhysX\Common;C:\Ruby23-x64\bin;C:\Program Files (x86)\Embarcadero\Studio\18.0\bin;C:\Users\Public\Documents\Embarcadero\Studio\18.0\Bpl;C:\Program Files (x86)\Embarcadero\Studio\18.0\bin64;C:\Users\Public\Documents\Embarcadero\Studio\18.0\Bpl\Win64;C:\ProgramData\Oracle\Java\javapath;C:\WINDOWS\system32;C:\WINDOWS;C:\WINDOWS\System32\Wbem;C:\WINDOWS\System32\WindowsPowerShell\v1.0\;C:\Program Files (x86)\GtkSharp\2.12\bin;C:\wamp64\bin\php\php5.6.25;C:\Program Files\SourceGear\Common\DiffMerge\;C:\Program Files\nodejs\;C:\Program Files (x86)\QuickTime\QTSystem\;C:\Program Files (x86)\Microsoft VS Code\bin;C:\Users\cube\AppData\Roaming\npm;C:\Users\cube\AppData\Local\atom\bin;C:\Users\cube\AppData\Local\.meteor\;%USERPROFILE%\AppData\Local\Microsoft\WindowsApps;
USERNAME=Maxwell
OS=Windows_NT
PROCESSOR_IDENTIFIER=Intel64 Family 6 Model 61 Stepping 4, GenuineIntel



---------------  S Y S T E M  ---------------

OS: Windows 10.0 , 64 bit Build 15063 (10.0.15063.296)

CPU:total 4 (2 cores per cpu, 2 threads per core) family 6 model 61 stepping 4, cmov, cx8, fxsr, mmx, sse, sse2, sse3, ssse3, sse4.1, sse4.2, popcnt, avx, avx2, aes, clmul, erms, 3dnowpref, lzcnt, ht, tsc, tscinvbit, bmi1, bmi2, adx

Memory: 4k page, physical 4107940k(766760k free), swap 6427248k(5128k free)

vm_info: Java HotSpot(TM) 64-Bit Server VM (25.121-b13) for windows-amd64 JRE (1.8.0_121-b13), built on Dec 12 2016 18:21:36 by "java_re" with MS VC++ 10.0 (VS2010)

time: Tue Nov 07 15:16:28 2017
elapsed time: 0 seconds (0d 0h 0m 0s)

